<?xml version="1.0" encoding="UTF-8"?>
<!-- Generated by org.testng.reporters.JUnitXMLReporter -->
<testsuite hostname="METACL0200" ignored="0" tests="3" failures="0" timestamp="19 Mar 2022 18:20:24 GMT" time="15.622" errors="0">
  <testcase name="validateRegistrationPageIsDisplayed" time="0.86" classname="CreateAccountPageTest"/>
  <testcase name="validateMandatoryFields" time="0.966" classname="CreateAccountPageTest"/>
  <testcase name="validatePasswordMatching" time="1.126" classname="CreateAccountPageTest"/>
</testsuite>
