<?xml version="1.0" encoding="UTF-8"?>
<!-- Generated by org.testng.reporters.JUnitXMLReporter -->
<testsuite ignored="4" hostname="Adhams-Mac-mini.fritz.box" failures="0" tests="1" name="Default test" time="11.202" errors="0" timestamp="2022-03-20T21:05:01 EET">
  <testcase classname="testPackage.CreateAccountPageTest" name="validateValidRegistration" time="5.59"/>
  <testcase classname="testPackage.CreateAccountPageTest" name="validatePasswordComplexityOnRegistration" time="0.0">
    <ignored/>
  </testcase> <!-- validatePasswordComplexityOnRegistration -->
  <testcase classname="testPackage.CreateAccountPageTest" name="validatePasswordMatchingOnRegistration" time="0.0">
    <ignored/>
  </testcase> <!-- validatePasswordMatchingOnRegistration -->
  <testcase classname="testPackage.CreateAccountPageTest" name="validateRegistrationPageIsDisplayed" time="0.0">
    <ignored/>
  </testcase> <!-- validateRegistrationPageIsDisplayed -->
  <testcase classname="testPackage.CreateAccountPageTest" name="validateMandatoryFieldsOnRegistration" time="0.0">
    <ignored/>
  </testcase> <!-- validateMandatoryFieldsOnRegistration -->
</testsuite> <!-- Default test -->
