<?xml version="1.0" encoding="UTF-8"?>
<testng-results ignored="0" total="6" passed="6" failed="0" skipped="0">
  <reporter-output>
  </reporter-output>
  <suite started-at="2022-03-20T21:07:51 EET" name="TestAutomation - TestSuite" finished-at="2022-03-20T21:08:28 EET" duration-ms="37322">
    <groups>
    </groups>
    <test started-at="2022-03-20T21:07:51 EET" name="Test" finished-at="2022-03-20T21:08:28 EET" duration-ms="37322">
      <class name="testPackage.LandingPageTest">
        <test-method is-config="true" signature="getDriver()[pri:0, instance:testPackage.LandingPageTest@3b754b1a]" started-at="2022-03-20T21:07:51 EET" name="getDriver" finished-at="2022-03-20T21:07:56 EET" duration-ms="5239" status="PASS">
          <reporter-output>
          </reporter-output>
        </test-method> <!-- getDriver -->
        <test-method signature="validateLandingPageIsDisplayed()[pri:1, instance:testPackage.LandingPageTest@3b754b1a]" started-at="2022-03-20T21:07:56 EET" name="validateLandingPageIsDisplayed" description="Landing Page | Check that landing page is displayed after navigating to the website" finished-at="2022-03-20T21:07:56 EET" duration-ms="78" status="PASS">
          <reporter-output>
          </reporter-output>
        </test-method> <!-- validateLandingPageIsDisplayed -->
        <test-method is-config="true" signature="takeScreenShotOnFailure(org.testng.ITestResult)[pri:0, instance:testPackage.LandingPageTest@3b754b1a]" started-at="2022-03-20T21:07:56 EET" name="takeScreenShotOnFailure" finished-at="2022-03-20T21:07:56 EET" duration-ms="118" status="PASS">
          <params>
            <param index="0">
              <value>
                <![CDATA[[TestResult name=validateLandingPageIsDisplayed status=SUCCESS method=LandingPageTest.validateLandingPageIsDisplayed()[pri:1, instance:testPackage.LandingPageTest@3b754b1a] output={null}]]]>
              </value>
            </param>
          </params>
          <reporter-output>
          </reporter-output>
        </test-method> <!-- takeScreenShotOnFailure -->
      </class> <!-- testPackage.LandingPageTest -->
      <class name="testPackage.CreateAccountPageTest">
        <test-method is-config="true" signature="getDriver()[pri:0, instance:testPackage.CreateAccountPageTest@5a1d9310]" started-at="2022-03-20T21:07:56 EET" name="getDriver" finished-at="2022-03-20T21:08:00 EET" duration-ms="3962" status="PASS">
          <reporter-output>
          </reporter-output>
        </test-method> <!-- getDriver -->
        <test-method signature="validateRegistrationPageIsDisplayed()[pri:2, instance:testPackage.CreateAccountPageTest@5a1d9310]" started-at="2022-03-20T21:08:00 EET" name="validateRegistrationPageIsDisplayed" description="Registration Page | Check that registration page is displayed " finished-at="2022-03-20T21:08:01 EET" duration-ms="1177" status="PASS">
          <reporter-output>
          </reporter-output>
        </test-method> <!-- validateRegistrationPageIsDisplayed -->
        <test-method is-config="true" signature="takeScreenShotOnFailure(org.testng.ITestResult)[pri:0, instance:testPackage.CreateAccountPageTest@5a1d9310]" started-at="2022-03-20T21:08:01 EET" name="takeScreenShotOnFailure" finished-at="2022-03-20T21:08:01 EET" duration-ms="130" status="PASS">
          <params>
            <param index="0">
              <value>
                <![CDATA[[TestResult name=validateRegistrationPageIsDisplayed status=SUCCESS method=CreateAccountPageTest.validateRegistrationPageIsDisplayed()[pri:2, instance:testPackage.CreateAccountPageTest@5a1d9310] output={null}]]]>
              </value>
            </param>
          </params>
          <reporter-output>
          </reporter-output>
        </test-method> <!-- takeScreenShotOnFailure -->
        <test-method is-config="true" signature="getDriver()[pri:0, instance:testPackage.CreateAccountPageTest@5a1d9310]" started-at="2022-03-20T21:08:01 EET" name="getDriver" finished-at="2022-03-20T21:08:06 EET" duration-ms="4195" status="PASS">
          <reporter-output>
          </reporter-output>
        </test-method> <!-- getDriver -->
        <test-method signature="validateMandatoryFieldsOnRegistration()[pri:3, instance:testPackage.CreateAccountPageTest@5a1d9310]" started-at="2022-03-20T21:08:06 EET" name="validateMandatoryFieldsOnRegistration" description="Registration Page | Check that warning message is displayed when user misses to input a value in a mandatory field" finished-at="2022-03-20T21:08:07 EET" duration-ms="1418" status="PASS">
          <reporter-output>
          </reporter-output>
        </test-method> <!-- validateMandatoryFieldsOnRegistration -->
        <test-method is-config="true" signature="takeScreenShotOnFailure(org.testng.ITestResult)[pri:0, instance:testPackage.CreateAccountPageTest@5a1d9310]" started-at="2022-03-20T21:08:07 EET" name="takeScreenShotOnFailure" finished-at="2022-03-20T21:08:07 EET" duration-ms="157" status="PASS">
          <params>
            <param index="0">
              <value>
                <![CDATA[[TestResult name=validateMandatoryFieldsOnRegistration status=SUCCESS method=CreateAccountPageTest.validateMandatoryFieldsOnRegistration()[pri:3, instance:testPackage.CreateAccountPageTest@5a1d9310] output={null}]]]>
              </value>
            </param>
          </params>
          <reporter-output>
          </reporter-output>
        </test-method> <!-- takeScreenShotOnFailure -->
        <test-method is-config="true" signature="getDriver()[pri:0, instance:testPackage.CreateAccountPageTest@5a1d9310]" started-at="2022-03-20T21:08:07 EET" name="getDriver" finished-at="2022-03-20T21:08:11 EET" duration-ms="4156" status="PASS">
          <reporter-output>
          </reporter-output>
        </test-method> <!-- getDriver -->
        <test-method signature="validatePasswordMatchingOnRegistration()[pri:4, instance:testPackage.CreateAccountPageTest@5a1d9310]" started-at="2022-03-20T21:08:11 EET" name="validatePasswordMatchingOnRegistration" description="Registration Page | Check that warning message is displayed when user inputs pswd1 different from pswd2" finished-at="2022-03-20T21:08:13 EET" duration-ms="1616" status="PASS">
          <reporter-output>
          </reporter-output>
        </test-method> <!-- validatePasswordMatchingOnRegistration -->
        <test-method is-config="true" signature="takeScreenShotOnFailure(org.testng.ITestResult)[pri:0, instance:testPackage.CreateAccountPageTest@5a1d9310]" started-at="2022-03-20T21:08:13 EET" name="takeScreenShotOnFailure" finished-at="2022-03-20T21:08:13 EET" duration-ms="122" status="PASS">
          <params>
            <param index="0">
              <value>
                <![CDATA[[TestResult name=validatePasswordMatchingOnRegistration status=SUCCESS method=CreateAccountPageTest.validatePasswordMatchingOnRegistration()[pri:4, instance:testPackage.CreateAccountPageTest@5a1d9310] output={null}]]]>
              </value>
            </param>
          </params>
          <reporter-output>
          </reporter-output>
        </test-method> <!-- takeScreenShotOnFailure -->
        <test-method is-config="true" signature="getDriver()[pri:0, instance:testPackage.CreateAccountPageTest@5a1d9310]" started-at="2022-03-20T21:08:13 EET" name="getDriver" finished-at="2022-03-20T21:08:17 EET" duration-ms="4182" status="PASS">
          <reporter-output>
          </reporter-output>
        </test-method> <!-- getDriver -->
        <test-method signature="validatePasswordComplexityOnRegistration()[pri:5, instance:testPackage.CreateAccountPageTest@5a1d9310]" started-at="2022-03-20T21:08:17 EET" name="validatePasswordComplexityOnRegistration" description="Registration Page | Check that warning message is displayed when user inputs a weak password" finished-at="2022-03-20T21:08:19 EET" duration-ms="1398" status="PASS">
          <reporter-output>
          </reporter-output>
        </test-method> <!-- validatePasswordComplexityOnRegistration -->
        <test-method is-config="true" signature="takeScreenShotOnFailure(org.testng.ITestResult)[pri:0, instance:testPackage.CreateAccountPageTest@5a1d9310]" started-at="2022-03-20T21:08:19 EET" name="takeScreenShotOnFailure" finished-at="2022-03-20T21:08:19 EET" duration-ms="160" status="PASS">
          <params>
            <param index="0">
              <value>
                <![CDATA[[TestResult name=validatePasswordComplexityOnRegistration status=SUCCESS method=CreateAccountPageTest.validatePasswordComplexityOnRegistration()[pri:5, instance:testPackage.CreateAccountPageTest@5a1d9310] output={null}]]]>
              </value>
            </param>
          </params>
          <reporter-output>
          </reporter-output>
        </test-method> <!-- takeScreenShotOnFailure -->
        <test-method is-config="true" signature="getDriver()[pri:0, instance:testPackage.CreateAccountPageTest@5a1d9310]" started-at="2022-03-20T21:08:19 EET" name="getDriver" finished-at="2022-03-20T21:08:23 EET" duration-ms="3918" status="PASS">
          <reporter-output>
          </reporter-output>
        </test-method> <!-- getDriver -->
        <test-method signature="validateValidRegistration()[pri:6, instance:testPackage.CreateAccountPageTest@5a1d9310]" started-at="2022-03-20T21:08:23 EET" name="validateValidRegistration" description="Registration Page | Check that after successful registration the user gets a registration success message" finished-at="2022-03-20T21:08:28 EET" duration-ms="5125" status="PASS">
          <reporter-output>
          </reporter-output>
        </test-method> <!-- validateValidRegistration -->
        <test-method is-config="true" signature="takeScreenShotOnFailure(org.testng.ITestResult)[pri:0, instance:testPackage.CreateAccountPageTest@5a1d9310]" started-at="2022-03-20T21:08:28 EET" name="takeScreenShotOnFailure" finished-at="2022-03-20T21:08:28 EET" duration-ms="115" status="PASS">
          <params>
            <param index="0">
              <value>
                <![CDATA[[TestResult name=validateValidRegistration status=SUCCESS method=CreateAccountPageTest.validateValidRegistration()[pri:6, instance:testPackage.CreateAccountPageTest@5a1d9310] output={null}]]]>
              </value>
            </param>
          </params>
          <reporter-output>
          </reporter-output>
        </test-method> <!-- takeScreenShotOnFailure -->
      </class> <!-- testPackage.CreateAccountPageTest -->
    </test> <!-- Test -->
  </suite> <!-- TestAutomation - TestSuite -->
</testng-results>
