<?xml version="1.0" encoding="UTF-8"?>
<testng-results ignored="4" total="5" passed="1" failed="0" skipped="0">
  <reporter-output>
  </reporter-output>
  <suite started-at="2022-03-20T21:04:50 EET" name="Default suite" finished-at="2022-03-20T21:05:01 EET" duration-ms="11202">
    <groups>
    </groups>
    <test started-at="2022-03-20T21:04:50 EET" name="Default test" finished-at="2022-03-20T21:05:01 EET" duration-ms="11202">
      <class name="testPackage.CreateAccountPageTest">
        <test-method is-config="true" signature="getDriver()[pri:0, instance:testPackage.CreateAccountPageTest@67718026]" started-at="2022-03-20T21:04:50 EET" name="getDriver" finished-at="2022-03-20T21:04:55 EET" duration-ms="5426" status="PASS">
          <reporter-output>
          </reporter-output>
        </test-method> <!-- getDriver -->
        <test-method signature="validateValidRegistration()[pri:6, instance:testPackage.CreateAccountPageTest@67718026]" started-at="2022-03-20T21:04:55 EET" name="validateValidRegistration" description="Registration Page | Check that after successful registration the user gets a registration success message" finished-at="2022-03-20T21:05:01 EET" duration-ms="5590" status="PASS">
          <reporter-output>
          </reporter-output>
        </test-method> <!-- validateValidRegistration -->
        <test-method is-config="true" signature="takeScreenShotOnFailure(org.testng.ITestResult)[pri:0, instance:testPackage.CreateAccountPageTest@67718026]" started-at="2022-03-20T21:05:01 EET" name="takeScreenShotOnFailure" finished-at="2022-03-20T21:05:01 EET" duration-ms="138" status="PASS">
          <params>
            <param index="0">
              <value>
                <![CDATA[[TestResult name=validateValidRegistration status=SUCCESS method=CreateAccountPageTest.validateValidRegistration()[pri:6, instance:testPackage.CreateAccountPageTest@67718026] output={null}]]]>
              </value>
            </param>
          </params>
          <reporter-output>
          </reporter-output>
        </test-method> <!-- takeScreenShotOnFailure -->
      </class> <!-- testPackage.CreateAccountPageTest -->
    </test> <!-- Default test -->
  </suite> <!-- Default suite -->
</testng-results>
