<?xml version="1.0" encoding="UTF-8"?>
<!-- Generated by org.testng.reporters.JUnitXMLReporter -->
<testsuite ignored="0" hostname="Adhams-Mac-mini.fritz.box" failures="0" tests="6" name="Test" time="37.322" errors="0" timestamp="2022-03-20T21:08:28 EET">
  <testcase classname="testPackage.LandingPageTest" name="validateLandingPageIsDisplayed" time="0.078"/>
  <testcase classname="testPackage.CreateAccountPageTest" name="validateRegistrationPageIsDisplayed" time="1.177"/>
  <testcase classname="testPackage.CreateAccountPageTest" name="validateMandatoryFieldsOnRegistration" time="1.418"/>
  <testcase classname="testPackage.CreateAccountPageTest" name="validatePasswordMatchingOnRegistration" time="1.616"/>
  <testcase classname="testPackage.CreateAccountPageTest" name="validatePasswordComplexityOnRegistration" time="1.398"/>
  <testcase classname="testPackage.CreateAccountPageTest" name="validateValidRegistration" time="5.125"/>
</testsuite> <!-- Test -->
