<?xml version="1.0" encoding="UTF-8"?>
<!-- Generated by org.testng.reporters.JUnitXMLReporter -->
<testsuite ignored="0" hostname="Adhams-Mac-mini.fritz.box" failures="0" tests="6" name="Test" time="36.17" errors="0" timestamp="2022-03-21T20:48:03 EET">
  <testcase classname="testPackage.LandingPageTest" name="validateLandingPageIsDisplayed" time="0.086"/>
  <testcase classname="testPackage.CreateAccountPageTest" name="validateRegistrationPageIsDisplayed" time="1.124"/>
  <testcase classname="testPackage.CreateAccountPageTest" name="validateMandatoryFieldsOnRegistration" time="1.332"/>
  <testcase classname="testPackage.CreateAccountPageTest" name="validatePasswordMatchingOnRegistration" time="1.408"/>
  <testcase classname="testPackage.CreateAccountPageTest" name="validatePasswordComplexityOnRegistration" time="1.264"/>
  <testcase classname="testPackage.CreateAccountPageTest" name="validateValidRegistration" time="4.73"/>
</testsuite> <!-- Test -->
